<?xml version="1.0" encoding="UTF-8"?>
<testng-results skipped="0" failed="0" ignored="0" total="1" passed="1">
  <reporter-output>
  </reporter-output>
  <suite name="Default suite" duration-ms="1845" started-at="2021-12-03T05:33:32Z" finished-at="2021-12-03T05:33:34Z">
    <groups>
    </groups>
    <test name="Default test" duration-ms="1845" started-at="2021-12-03T05:33:32Z" finished-at="2021-12-03T05:33:34Z">
      <class name="restAPIBDD.GetRequest">
        <test-method status="PASS" signature="GetCall()[pri:0, instance:restAPIBDD.GetRequest@2a70a3d8]" name="GetCall" duration-ms="1821" started-at="2021-12-03T05:33:32Z" finished-at="2021-12-03T05:33:34Z">
          <reporter-output>
          </reporter-output>
        </test-method> <!-- GetCall -->
      </class> <!-- restAPIBDD.GetRequest -->
    </test> <!-- Default test -->
  </suite> <!-- Default suite -->
</testng-results>
